The system is: Linux - 3.8.0-29-generic - x86_64
Compiling the CXX compiler identification source file "CMakeCXXCompilerId.cpp" succeeded.
Compiler: /usr/bin/c++ 
Build flags: 
Id flags: 

The output was:
0


Compilation of the CXX compiler identification source "CMakeCXXCompilerId.cpp" produced "a.out"

The CXX compiler identification is GNU, found in "/media/psf/Home/Dropbox/Year 3/3rd-Year-Project/Hardware/Camera/OpenCV/opencv-2.4.8/build/CMakeFiles/2.8.10.1/CompilerIdCXX/a.out"

Compiling the C compiler identification source file "CMakeCCompilerId.c" succeeded.
Compiler: /usr/bin/cc 
Build flags: 
Id flags: 

The output was:
0


Compilation of the C compiler identification source "CMakeCCompilerId.c" produced "a.out"

The C compiler identification is GNU, found in "/media/psf/Home/Dropbox/Year 3/3rd-Year-Project/Hardware/Camera/OpenCV/opencv-2.4.8/build/CMakeFiles/2.8.10.1/CompilerIdC/a.out"

Determining if the CXX compiler works passed with the following output:
Change Dir: /media/psf/Home/Dropbox/Year 3/3rd-Year-Project/Hardware/Camera/OpenCV/opencv-2.4.8/build/CMakeFiles/CMakeTmp

Run Build Command:/usr/bin/make "cmTryCompileExec1698970423/fast"
/usr/bin/make -f CMakeFiles/cmTryCompileExec1698970423.dir/build.make CMakeFiles/cmTryCompileExec1698970423.dir/build
make[1]: Entering directory `/media/psf/Home/Dropbox/Year 3/3rd-Year-Project/Hardware/Camera/OpenCV/opencv-2.4.8/build/CMakeFiles/CMakeTmp'
/usr/bin/cmake -E cmake_progress_report "/media/psf/Home/Dropbox/Year 3/3rd-Year-Project/Hardware/Camera/OpenCV/opencv-2.4.8/build/CMakeFiles/CMakeTmp/CMakeFiles" 1
Building CXX object CMakeFiles/cmTryCompileExec1698970423.dir/testCXXCompiler.cxx.o
/usr/bin/c++     -o CMakeFiles/cmTryCompileExec1698970423.dir/testCXXCompiler.cxx.o -c "/media/psf/Home/Dropbox/Year 3/3rd-Year-Project/Hardware/Camera/OpenCV/opencv-2.4.8/build/CMakeFiles/CMakeTmp/testCXXCompiler.cxx"
Linking CXX executable cmTryCompileExec1698970423
/usr/bin/cmake -E cmake_link_script CMakeFiles/cmTryCompileExec1698970423.dir/link.txt --verbose=1
/usr/bin/c++          CMakeFiles/cmTryCompileExec1698970423.dir/testCXXCompiler.cxx.o  -o cmTryCompileExec1698970423 -rdynamic 
make[1]: Leaving directory `/media/psf/Home/Dropbox/Year 3/3rd-Year-Project/Hardware/Camera/OpenCV/opencv-2.4.8/build/CMakeFiles/CMakeTmp'


Detecting CXX compiler ABI info compiled with the following output:
Change Dir: /media/psf/Home/Dropbox/Year 3/3rd-Year-Project/Hardware/Camera/OpenCV/opencv-2.4.8/build/CMakeFiles/CMakeTmp

Run Build Command:/usr/bin/make "cmTryCompileExec3194583070/fast"
/usr/bin/make -f CMakeFiles/cmTryCompileExec3194583070.dir/build.make CMakeFiles/cmTryCompileExec3194583070.dir/build
make[1]: Entering directory `/media/psf/Home/Dropbox/Year 3/3rd-Year-Project/Hardware/Camera/OpenCV/opencv-2.4.8/build/CMakeFiles/CMakeTmp'
/usr/bin/cmake -E cmake_progress_report "/media/psf/Home/Dropbox/Year 3/3rd-Year-Project/Hardware/Camera/OpenCV/opencv-2.4.8/build/CMakeFiles/CMakeTmp/CMakeFiles" 1
Building CXX object CMakeFiles/cmTryCompileExec3194583070.dir/CMakeCXXCompilerABI.cpp.o
/usr/bin/c++     -o CMakeFiles/cmTryCompileExec3194583070.dir/CMakeCXXCompilerABI.cpp.o -c /usr/share/cmake-2.8/Modules/CMakeCXXCompilerABI.cpp
Linking CXX executable cmTryCompileExec3194583070
/usr/bin/cmake -E cmake_link_script CMakeFiles/cmTryCompileExec3194583070.dir/link.txt --verbose=1
/usr/bin/c++        -v CMakeFiles/cmTryCompileExec3194583070.dir/CMakeCXXCompilerABI.cpp.o  -o cmTryCompileExec3194583070 -rdynamic  
Using built-in specs.
COLLECT_GCC=/usr/bin/c++
COLLECT_LTO_WRAPPER=/usr/lib/gcc/x86_64-linux-gnu/4.7/lto-wrapper
Target: x86_64-linux-gnu
Configured with: ../src/configure -v --with-pkgversion='Ubuntu/Linaro 4.7.3-1ubuntu1' --with-bugurl=file:///usr/share/doc/gcc-4.7/README.Bugs --enable-languages=c,c++,go,fortran,objc,obj-c++ --prefix=/usr --program-suffix=-4.7 --enable-shared --enable-linker-build-id --libexecdir=/usr/lib --without-included-gettext --enable-threads=posix --with-gxx-include-dir=/usr/include/c++/4.7 --libdir=/usr/lib --enable-nls --with-sysroot=/ --enable-clocale=gnu --enable-libstdcxx-debug --enable-libstdcxx-time=yes --enable-gnu-unique-object --enable-plugin --with-system-zlib --enable-objc-gc --with-cloog --enable-cloog-backend=ppl --disable-cloog-version-check --disable-ppl-version-check --enable-multiarch --disable-werror --with-arch-32=i686 --with-abi=m64 --with-multilib-list=m32,m64,mx32 --with-tune=generic --enable-checking=release --build=x86_64-linux-gnu --host=x86_64-linux-gnu --target=x86_64-linux-gnu
Thread model: posix
gcc version 4.7.3 (Ubuntu/Linaro 4.7.3-1ubuntu1) 
COMPILER_PATH=/usr/lib/gcc/x86_64-linux-gnu/4.7/:/usr/lib/gcc/x86_64-linux-gnu/4.7/:/usr/lib/gcc/x86_64-linux-gnu/:/usr/lib/gcc/x86_64-linux-gnu/4.7/:/usr/lib/gcc/x86_64-linux-gnu/
LIBRARY_PATH=/usr/lib/gcc/x86_64-linux-gnu/4.7/:/usr/lib/gcc/x86_64-linux-gnu/4.7/../../../x86_64-linux-gnu/:/usr/lib/gcc/x86_64-linux-gnu/4.7/../../../../lib/:/lib/x86_64-linux-gnu/:/lib/../lib/:/usr/lib/x86_64-linux-gnu/:/usr/lib/../lib/:/usr/lib/gcc/x86_64-linux-gnu/4.7/../../../:/lib/:/usr/lib/
COLLECT_GCC_OPTIONS='-v' '-o' 'cmTryCompileExec3194583070' '-rdynamic' '-shared-libgcc' '-mtune=generic' '-march=x86-64'
 /usr/lib/gcc/x86_64-linux-gnu/4.7/collect2 --sysroot=/ --build-id --eh-frame-hdr -m elf_x86_64 --hash-style=gnu --as-needed -export-dynamic -dynamic-linker /lib64/ld-linux-x86-64.so.2 -z relro -o cmTryCompileExec3194583070 /usr/lib/gcc/x86_64-linux-gnu/4.7/../../../x86_64-linux-gnu/crt1.o /usr/lib/gcc/x86_64-linux-gnu/4.7/../../../x86_64-linux-gnu/crti.o /usr/lib/gcc/x86_64-linux-gnu/4.7/crtbegin.o -L/usr/lib/gcc/x86_64-linux-gnu/4.7 -L/usr/lib/gcc/x86_64-linux-gnu/4.7/../../../x86_64-linux-gnu -L/usr/lib/gcc/x86_64-linux-gnu/4.7/../../../../lib -L/lib/x86_64-linux-gnu -L/lib/../lib -L/usr/lib/x86_64-linux-gnu -L/usr/lib/../lib -L/usr/lib/gcc/x86_64-linux-gnu/4.7/../../.. CMakeFiles/cmTryCompileExec3194583070.dir/CMakeCXXCompilerABI.cpp.o -lstdc++ -lm -lgcc_s -lgcc -lc -lgcc_s -lgcc /usr/lib/gcc/x86_64-linux-gnu/4.7/crtend.o /usr/lib/gcc/x86_64-linux-gnu/4.7/../../../x86_64-linux-gnu/crtn.o
make[1]: Leaving directory `/media/psf/Home/Dropbox/Year 3/3rd-Year-Project/Hardware/Camera/OpenCV/opencv-2.4.8/build/CMakeFiles/CMakeTmp'


Parsed CXX implicit link information from above output:
  link line regex: [^( *|.*[/\])(ld|ld|collect2)[^/\]*( |$)]
  ignore line: [Change Dir: /media/psf/Home/Dropbox/Year 3/3rd-Year-Project/Hardware/Camera/OpenCV/opencv-2.4.8/build/CMakeFiles/CMakeTmp]
  ignore line: []
  ignore line: [Run Build Command:/usr/bin/make "cmTryCompileExec3194583070/fast"]
  ignore line: [/usr/bin/make -f CMakeFiles/cmTryCompileExec3194583070.dir/build.make CMakeFiles/cmTryCompileExec3194583070.dir/build]
  ignore line: [make[1]: Entering directory `/media/psf/Home/Dropbox/Year 3/3rd-Year-Project/Hardware/Camera/OpenCV/opencv-2.4.8/build/CMakeFiles/CMakeTmp']
  ignore line: [/usr/bin/cmake -E cmake_progress_report "/media/psf/Home/Dropbox/Year 3/3rd-Year-Project/Hardware/Camera/OpenCV/opencv-2.4.8/build/CMakeFiles/CMakeTmp/CMakeFiles" 1]
  ignore line: [Building CXX object CMakeFiles/cmTryCompileExec3194583070.dir/CMakeCXXCompilerABI.cpp.o]
  ignore line: [/usr/bin/c++     -o CMakeFiles/cmTryCompileExec3194583070.dir/CMakeCXXCompilerABI.cpp.o -c /usr/share/cmake-2.8/Modules/CMakeCXXCompilerABI.cpp]
  ignore line: [Linking CXX executable cmTryCompileExec3194583070]
  ignore line: [/usr/bin/cmake -E cmake_link_script CMakeFiles/cmTryCompileExec3194583070.dir/link.txt --verbose=1]
  ignore line: [/usr/bin/c++        -v CMakeFiles/cmTryCompileExec3194583070.dir/CMakeCXXCompilerABI.cpp.o  -o cmTryCompileExec3194583070 -rdynamic  ]
  ignore line: [Using built-in specs.]
  ignore line: [COLLECT_GCC=/usr/bin/c++]
  ignore line: [COLLECT_LTO_WRAPPER=/usr/lib/gcc/x86_64-linux-gnu/4.7/lto-wrapper]
  ignore line: [Target: x86_64-linux-gnu]
  ignore line: [Configured with: ../src/configure -v --with-pkgversion='Ubuntu/Linaro 4.7.3-1ubuntu1' --with-bugurl=file:///usr/share/doc/gcc-4.7/README.Bugs --enable-languages=c,c++,go,fortran,objc,obj-c++ --prefix=/usr --program-suffix=-4.7 --enable-shared --enable-linker-build-id --libexecdir=/usr/lib --without-included-gettext --enable-threads=posix --with-gxx-include-dir=/usr/include/c++/4.7 --libdir=/usr/lib --enable-nls --with-sysroot=/ --enable-clocale=gnu --enable-libstdcxx-debug --enable-libstdcxx-time=yes --enable-gnu-unique-object --enable-plugin --with-system-zlib --enable-objc-gc --with-cloog --enable-cloog-backend=ppl --disable-cloog-version-check --disable-ppl-version-check --enable-multiarch --disable-werror --with-arch-32=i686 --with-abi=m64 --with-multilib-list=m32,m64,mx32 --with-tune=generic --enable-checking=release --build=x86_64-linux-gnu --host=x86_64-linux-gnu --target=x86_64-linux-gnu]
  ignore line: [Thread model: posix]
  ignore line: [gcc version 4.7.3 (Ubuntu/Linaro 4.7.3-1ubuntu1) ]
  ignore line: [COMPILER_PATH=/usr/lib/gcc/x86_64-linux-gnu/4.7/:/usr/lib/gcc/x86_64-linux-gnu/4.7/:/usr/lib/gcc/x86_64-linux-gnu/:/usr/lib/gcc/x86_64-linux-gnu/4.7/:/usr/lib/gcc/x86_64-linux-gnu/]
  ignore line: [LIBRARY_PATH=/usr/lib/gcc/x86_64-linux-gnu/4.7/:/usr/lib/gcc/x86_64-linux-gnu/4.7/../../../x86_64-linux-gnu/:/usr/lib/gcc/x86_64-linux-gnu/4.7/../../../../lib/:/lib/x86_64-linux-gnu/:/lib/../lib/:/usr/lib/x86_64-linux-gnu/:/usr/lib/../lib/:/usr/lib/gcc/x86_64-linux-gnu/4.7/../../../:/lib/:/usr/lib/]
  ignore line: [COLLECT_GCC_OPTIONS='-v' '-o' 'cmTryCompileExec3194583070' '-rdynamic' '-shared-libgcc' '-mtune=generic' '-march=x86-64']
  link line: [ /usr/lib/gcc/x86_64-linux-gnu/4.7/collect2 --sysroot=/ --build-id --eh-frame-hdr -m elf_x86_64 --hash-style=gnu --as-needed -export-dynamic -dynamic-linker /lib64/ld-linux-x86-64.so.2 -z relro -o cmTryCompileExec3194583070 /usr/lib/gcc/x86_64-linux-gnu/4.7/../../../x86_64-linux-gnu/crt1.o /usr/lib/gcc/x86_64-linux-gnu/4.7/../../../x86_64-linux-gnu/crti.o /usr/lib/gcc/x86_64-linux-gnu/4.7/crtbegin.o -L/usr/lib/gcc/x86_64-linux-gnu/4.7 -L/usr/lib/gcc/x86_64-linux-gnu/4.7/../../../x86_64-linux-gnu -L/usr/lib/gcc/x86_64-linux-gnu/4.7/../../../../lib -L/lib/x86_64-linux-gnu -L/lib/../lib -L/usr/lib/x86_64-linux-gnu -L/usr/lib/../lib -L/usr/lib/gcc/x86_64-linux-gnu/4.7/../../.. CMakeFiles/cmTryCompileExec3194583070.dir/CMakeCXXCompilerABI.cpp.o -lstdc++ -lm -lgcc_s -lgcc -lc -lgcc_s -lgcc /usr/lib/gcc/x86_64-linux-gnu/4.7/crtend.o /usr/lib/gcc/x86_64-linux-gnu/4.7/../../../x86_64-linux-gnu/crtn.o]
    arg [/usr/lib/gcc/x86_64-linux-gnu/4.7/collect2] ==> ignore
    arg [--sysroot=/] ==> ignore
    arg [--build-id] ==> ignore
    arg [--eh-frame-hdr] ==> ignore
    arg [-m] ==> ignore
    arg [elf_x86_64] ==> ignore
    arg [--hash-style=gnu] ==> ignore
    arg [--as-needed] ==> ignore
    arg [-export-dynamic] ==> ignore
    arg [-dynamic-linker] ==> ignore
    arg [/lib64/ld-linux-x86-64.so.2] ==> ignore
    arg [-zrelro] ==> ignore
    arg [-o] ==> ignore
    arg [cmTryCompileExec3194583070] ==> ignore
    arg [/usr/lib/gcc/x86_64-linux-gnu/4.7/../../../x86_64-linux-gnu/crt1.o] ==> ignore
    arg [/usr/lib/gcc/x86_64-linux-gnu/4.7/../../../x86_64-linux-gnu/crti.o] ==> ignore
    arg [/usr/lib/gcc/x86_64-linux-gnu/4.7/crtbegin.o] ==> ignore
    arg [-L/usr/lib/gcc/x86_64-linux-gnu/4.7] ==> dir [/usr/lib/gcc/x86_64-linux-gnu/4.7]
    arg [-L/usr/lib/gcc/x86_64-linux-gnu/4.7/../../../x86_64-linux-gnu] ==> dir [/usr/lib/gcc/x86_64-linux-gnu/4.7/../../../x86_64-linux-gnu]
    arg [-L/usr/lib/gcc/x86_64-linux-gnu/4.7/../../../../lib] ==> dir [/usr/lib/gcc/x86_64-linux-gnu/4.7/../../../../lib]
    arg [-L/lib/x86_64-linux-gnu] ==> dir [/lib/x86_64-linux-gnu]
    arg [-L/lib/../lib] ==> dir [/lib/../lib]
    arg [-L/usr/lib/x86_64-linux-gnu] ==> dir [/usr/lib/x86_64-linux-gnu]
    arg [-L/usr/lib/../lib] ==> dir [/usr/lib/../lib]
    arg [-L/usr/lib/gcc/x86_64-linux-gnu/4.7/../../..] ==> dir [/usr/lib/gcc/x86_64-linux-gnu/4.7/../../..]
    arg [CMakeFiles/cmTryCompileExec3194583070.dir/CMakeCXXCompilerABI.cpp.o] ==> ignore
    arg [-lstdc++] ==> lib [stdc++]
    arg [-lm] ==> lib [m]
    arg [-lgcc_s] ==> lib [gcc_s]
    arg [-lgcc] ==> lib [gcc]
    arg [-lc] ==> lib [c]
    arg [-lgcc_s] ==> lib [gcc_s]
    arg [-lgcc] ==> lib [gcc]
    arg [/usr/lib/gcc/x86_64-linux-gnu/4.7/crtend.o] ==> ignore
    arg [/usr/lib/gcc/x86_64-linux-gnu/4.7/../../../x86_64-linux-gnu/crtn.o] ==> ignore
  remove lib [gcc_s]
  remove lib [gcc]
  remove lib [gcc_s]
  remove lib [gcc]
  collapse dir [/usr/lib/gcc/x86_64-linux-gnu/4.7] ==> [/usr/lib/gcc/x86_64-linux-gnu/4.7]
  collapse dir [/usr/lib/gcc/x86_64-linux-gnu/4.7/../../../x86_64-linux-gnu] ==> [/usr/lib/x86_64-linux-gnu]
  collapse dir [/usr/lib/gcc/x86_64-linux-gnu/4.7/../../../../lib] ==> [/usr/lib]
  collapse dir [/lib/x86_64-linux-gnu] ==> [/lib/x86_64-linux-gnu]
  collapse dir [/lib/../lib] ==> [/lib]
  collapse dir [/usr/lib/x86_64-linux-gnu] ==> [/usr/lib/x86_64-linux-gnu]
  collapse dir [/usr/lib/../lib] ==> [/usr/lib]
  collapse dir [/usr/lib/gcc/x86_64-linux-gnu/4.7/../../..] ==> [/usr/lib]
  implicit libs: [stdc++;m;c]
  implicit dirs: [/usr/lib/gcc/x86_64-linux-gnu/4.7;/usr/lib/x86_64-linux-gnu;/usr/lib;/lib/x86_64-linux-gnu;/lib]


Determining if the C compiler works passed with the following output:
Change Dir: /media/psf/Home/Dropbox/Year 3/3rd-Year-Project/Hardware/Camera/OpenCV/opencv-2.4.8/build/CMakeFiles/CMakeTmp

Run Build Command:/usr/bin/make "cmTryCompileExec3265413441/fast"
/usr/bin/make -f CMakeFiles/cmTryCompileExec3265413441.dir/build.make CMakeFiles/cmTryCompileExec3265413441.dir/build
make[1]: Entering directory `/media/psf/Home/Dropbox/Year 3/3rd-Year-Project/Hardware/Camera/OpenCV/opencv-2.4.8/build/CMakeFiles/CMakeTmp'
/usr/bin/cmake -E cmake_progress_report "/media/psf/Home/Dropbox/Year 3/3rd-Year-Project/Hardware/Camera/OpenCV/opencv-2.4.8/build/CMakeFiles/CMakeTmp/CMakeFiles" 1
Building C object CMakeFiles/cmTryCompileExec3265413441.dir/testCCompiler.c.o
/usr/bin/cc    -o CMakeFiles/cmTryCompileExec3265413441.dir/testCCompiler.c.o   -c "/media/psf/Home/Dropbox/Year 3/3rd-Year-Project/Hardware/Camera/OpenCV/opencv-2.4.8/build/CMakeFiles/CMakeTmp/testCCompiler.c"
Linking C executable cmTryCompileExec3265413441
/usr/bin/cmake -E cmake_link_script CMakeFiles/cmTryCompileExec3265413441.dir/link.txt --verbose=1
/usr/bin/cc         CMakeFiles/cmTryCompileExec3265413441.dir/testCCompiler.c.o  -o cmTryCompileExec3265413441 -rdynamic 
make[1]: Leaving directory `/media/psf/Home/Dropbox/Year 3/3rd-Year-Project/Hardware/Camera/OpenCV/opencv-2.4.8/build/CMakeFiles/CMakeTmp'


Detecting C compiler ABI info compiled with the following output:
Change Dir: /media/psf/Home/Dropbox/Year 3/3rd-Year-Project/Hardware/Camera/OpenCV/opencv-2.4.8/build/CMakeFiles/CMakeTmp

Run Build Command:/usr/bin/make "cmTryCompileExec532692685/fast"
make: Warning: File `Makefile' has modification time 0.97 s in the future
/usr/bin/make -f CMakeFiles/cmTryCompileExec532692685.dir/build.make CMakeFiles/cmTryCompileExec532692685.dir/build
make[1]: Entering directory `/media/psf/Home/Dropbox/Year 3/3rd-Year-Project/Hardware/Camera/OpenCV/opencv-2.4.8/build/CMakeFiles/CMakeTmp'
make[1]: Warning: File `CMakeFiles/cmTryCompileExec532692685.dir/flags.make' has modification time 0.96 s in the future
/usr/bin/cmake -E cmake_progress_report "/media/psf/Home/Dropbox/Year 3/3rd-Year-Project/Hardware/Camera/OpenCV/opencv-2.4.8/build/CMakeFiles/CMakeTmp/CMakeFiles" 1
Building C object CMakeFiles/cmTryCompileExec532692685.dir/CMakeCCompilerABI.c.o
/usr/bin/cc    -o CMakeFiles/cmTryCompileExec532692685.dir/CMakeCCompilerABI.c.o   -c /usr/share/cmake-2.8/Modules/CMakeCCompilerABI.c
Linking C executable cmTryCompileExec532692685
/usr/bin/cmake -E cmake_link_script CMakeFiles/cmTryCompileExec532692685.dir/link.txt --verbose=1
/usr/bin/cc       -v CMakeFiles/cmTryCompileExec532692685.dir/CMakeCCompilerABI.c.o  -o cmTryCompileExec532692685 -rdynamic  
Using built-in specs.
COLLECT_GCC=/usr/bin/cc
COLLECT_LTO_WRAPPER=/usr/lib/gcc/x86_64-linux-gnu/4.7/lto-wrapper
Target: x86_64-linux-gnu
Configured with: ../src/configure -v --with-pkgversion='Ubuntu/Linaro 4.7.3-1ubuntu1' --with-bugurl=file:///usr/share/doc/gcc-4.7/README.Bugs --enable-languages=c,c++,go,fortran,objc,obj-c++ --prefix=/usr --program-suffix=-4.7 --enable-shared --enable-linker-build-id --libexecdir=/usr/lib --without-included-gettext --enable-threads=posix --with-gxx-include-dir=/usr/include/c++/4.7 --libdir=/usr/lib --enable-nls --with-sysroot=/ --enable-clocale=gnu --enable-libstdcxx-debug --enable-libstdcxx-time=yes --enable-gnu-unique-object --enable-plugin --with-system-zlib --enable-objc-gc --with-cloog --enable-cloog-backend=ppl --disable-cloog-version-check --disable-ppl-version-check --enable-multiarch --disable-werror --with-arch-32=i686 --with-abi=m64 --with-multilib-list=m32,m64,mx32 --with-tune=generic --enable-checking=release --build=x86_64-linux-gnu --host=x86_64-linux-gnu --target=x86_64-linux-gnu
Thread model: posix
gcc version 4.7.3 (Ubuntu/Linaro 4.7.3-1ubuntu1) 
COMPILER_PATH=/usr/lib/gcc/x86_64-linux-gnu/4.7/:/usr/lib/gcc/x86_64-linux-gnu/4.7/:/usr/lib/gcc/x86_64-linux-gnu/:/usr/lib/gcc/x86_64-linux-gnu/4.7/:/usr/lib/gcc/x86_64-linux-gnu/
LIBRARY_PATH=/usr/lib/gcc/x86_64-linux-gnu/4.7/:/usr/lib/gcc/x86_64-linux-gnu/4.7/../../../x86_64-linux-gnu/:/usr/lib/gcc/x86_64-linux-gnu/4.7/../../../../lib/:/lib/x86_64-linux-gnu/:/lib/../lib/:/usr/lib/x86_64-linux-gnu/:/usr/lib/../lib/:/usr/lib/gcc/x86_64-linux-gnu/4.7/../../../:/lib/:/usr/lib/
COLLECT_GCC_OPTIONS='-v' '-o' 'cmTryCompileExec532692685' '-rdynamic' '-mtune=generic' '-march=x86-64'
 /usr/lib/gcc/x86_64-linux-gnu/4.7/collect2 --sysroot=/ --build-id --eh-frame-hdr -m elf_x86_64 --hash-style=gnu --as-needed -export-dynamic -dynamic-linker /lib64/ld-linux-x86-64.so.2 -z relro -o cmTryCompileExec532692685 /usr/lib/gcc/x86_64-linux-gnu/4.7/../../../x86_64-linux-gnu/crt1.o /usr/lib/gcc/x86_64-linux-gnu/4.7/../../../x86_64-linux-gnu/crti.o /usr/lib/gcc/x86_64-linux-gnu/4.7/crtbegin.o -L/usr/lib/gcc/x86_64-linux-gnu/4.7 -L/usr/lib/gcc/x86_64-linux-gnu/4.7/../../../x86_64-linux-gnu -L/usr/lib/gcc/x86_64-linux-gnu/4.7/../../../../lib -L/lib/x86_64-linux-gnu -L/lib/../lib -L/usr/lib/x86_64-linux-gnu -L/usr/lib/../lib -L/usr/lib/gcc/x86_64-linux-gnu/4.7/../../.. CMakeFiles/cmTryCompileExec532692685.dir/CMakeCCompilerABI.c.o -lgcc --as-needed -lgcc_s --no-as-needed -lc -lgcc --as-needed -lgcc_s --no-as-needed /usr/lib/gcc/x86_64-linux-gnu/4.7/crtend.o /usr/lib/gcc/x86_64-linux-gnu/4.7/../../../x86_64-linux-gnu/crtn.o
make[1]: Leaving directory `/media/psf/Home/Dropbox/Year 3/3rd-Year-Project/Hardware/Camera/OpenCV/opencv-2.4.8/build/CMakeFiles/CMakeTmp'
make[1]: warning:  Clock skew detected.  Your build may be incomplete.
make: warning:  Clock skew detected.  Your build may be incomplete.


Parsed C implicit link information from above output:
  link line regex: [^( *|.*[/\])(ld|ld|collect2)[^/\]*( |$)]
  ignore line: [Change Dir: /media/psf/Home/Dropbox/Year 3/3rd-Year-Project/Hardware/Camera/OpenCV/opencv-2.4.8/build/CMakeFiles/CMakeTmp]
  ignore line: []
  ignore line: [Run Build Command:/usr/bin/make "cmTryCompileExec532692685/fast"]
  ignore line: [make: Warning: File `Makefile' has modification time 0.97 s in the future]
  ignore line: [/usr/bin/make -f CMakeFiles/cmTryCompileExec532692685.dir/build.make CMakeFiles/cmTryCompileExec532692685.dir/build]
  ignore line: [make[1]: Entering directory `/media/psf/Home/Dropbox/Year 3/3rd-Year-Project/Hardware/Camera/OpenCV/opencv-2.4.8/build/CMakeFiles/CMakeTmp']
  ignore line: [make[1]: Warning: File `CMakeFiles/cmTryCompileExec532692685.dir/flags.make' has modification time 0.96 s in the future]
  ignore line: [/usr/bin/cmake -E cmake_progress_report "/media/psf/Home/Dropbox/Year 3/3rd-Year-Project/Hardware/Camera/OpenCV/opencv-2.4.8/build/CMakeFiles/CMakeTmp/CMakeFiles" 1]
  ignore line: [Building C object CMakeFiles/cmTryCompileExec532692685.dir/CMakeCCompilerABI.c.o]
  ignore line: [/usr/bin/cc    -o CMakeFiles/cmTryCompileExec532692685.dir/CMakeCCompilerABI.c.o   -c /usr/share/cmake-2.8/Modules/CMakeCCompilerABI.c]
  ignore line: [Linking C executable cmTryCompileExec532692685]
  ignore line: [/usr/bin/cmake -E cmake_link_script CMakeFiles/cmTryCompileExec532692685.dir/link.txt --verbose=1]
  ignore line: [/usr/bin/cc       -v CMakeFiles/cmTryCompileExec532692685.dir/CMakeCCompilerABI.c.o  -o cmTryCompileExec532692685 -rdynamic  ]
  ignore line: [Using built-in specs.]
  ignore line: [COLLECT_GCC=/usr/bin/cc]
  ignore line: [COLLECT_LTO_WRAPPER=/usr/lib/gcc/x86_64-linux-gnu/4.7/lto-wrapper]
  ignore line: [Target: x86_64-linux-gnu]
  ignore line: [Configured with: ../src/configure -v --with-pkgversion='Ubuntu/Linaro 4.7.3-1ubuntu1' --with-bugurl=file:///usr/share/doc/gcc-4.7/README.Bugs --enable-languages=c,c++,go,fortran,objc,obj-c++ --prefix=/usr --program-suffix=-4.7 --enable-shared --enable-linker-build-id --libexecdir=/usr/lib --without-included-gettext --enable-threads=posix --with-gxx-include-dir=/usr/include/c++/4.7 --libdir=/usr/lib --enable-nls --with-sysroot=/ --enable-clocale=gnu --enable-libstdcxx-debug --enable-libstdcxx-time=yes --enable-gnu-unique-object --enable-plugin --with-system-zlib --enable-objc-gc --with-cloog --enable-cloog-backend=ppl --disable-cloog-version-check --disable-ppl-version-check --enable-multiarch --disable-werror --with-arch-32=i686 --with-abi=m64 --with-multilib-list=m32,m64,mx32 --with-tune=generic --enable-checking=release --build=x86_64-linux-gnu --host=x86_64-linux-gnu --target=x86_64-linux-gnu]
  ignore line: [Thread model: posix]
  ignore line: [gcc version 4.7.3 (Ubuntu/Linaro 4.7.3-1ubuntu1) ]
  ignore line: [COMPILER_PATH=/usr/lib/gcc/x86_64-linux-gnu/4.7/:/usr/lib/gcc/x86_64-linux-gnu/4.7/:/usr/lib/gcc/x86_64-linux-gnu/:/usr/lib/gcc/x86_64-linux-gnu/4.7/:/usr/lib/gcc/x86_64-linux-gnu/]
  ignore line: [LIBRARY_PATH=/usr/lib/gcc/x86_64-linux-gnu/4.7/:/usr/lib/gcc/x86_64-linux-gnu/4.7/../../../x86_64-linux-gnu/:/usr/lib/gcc/x86_64-linux-gnu/4.7/../../../../lib/:/lib/x86_64-linux-gnu/:/lib/../lib/:/usr/lib/x86_64-linux-gnu/:/usr/lib/../lib/:/usr/lib/gcc/x86_64-linux-gnu/4.7/../../../:/lib/:/usr/lib/]
  ignore line: [COLLECT_GCC_OPTIONS='-v' '-o' 'cmTryCompileExec532692685' '-rdynamic' '-mtune=generic' '-march=x86-64']
  link line: [ /usr/lib/gcc/x86_64-linux-gnu/4.7/collect2 --sysroot=/ --build-id --eh-frame-hdr -m elf_x86_64 --hash-style=gnu --as-needed -export-dynamic -dynamic-linker /lib64/ld-linux-x86-64.so.2 -z relro -o cmTryCompileExec532692685 /usr/lib/gcc/x86_64-linux-gnu/4.7/../../../x86_64-linux-gnu/crt1.o /usr/lib/gcc/x86_64-linux-gnu/4.7/../../../x86_64-linux-gnu/crti.o /usr/lib/gcc/x86_64-linux-gnu/4.7/crtbegin.o -L/usr/lib/gcc/x86_64-linux-gnu/4.7 -L/usr/lib/gcc/x86_64-linux-gnu/4.7/../../../x86_64-linux-gnu -L/usr/lib/gcc/x86_64-linux-gnu/4.7/../../../../lib -L/lib/x86_64-linux-gnu -L/lib/../lib -L/usr/lib/x86_64-linux-gnu -L/usr/lib/../lib -L/usr/lib/gcc/x86_64-linux-gnu/4.7/../../.. CMakeFiles/cmTryCompileExec532692685.dir/CMakeCCompilerABI.c.o -lgcc --as-needed -lgcc_s --no-as-needed -lc -lgcc --as-needed -lgcc_s --no-as-needed /usr/lib/gcc/x86_64-linux-gnu/4.7/crtend.o /usr/lib/gcc/x86_64-linux-gnu/4.7/../../../x86_64-linux-gnu/crtn.o]
    arg [/usr/lib/gcc/x86_64-linux-gnu/4.7/collect2] ==> ignore
    arg [--sysroot=/] ==> ignore
    arg [--build-id] ==> ignore
    arg [--eh-frame-hdr] ==> ignore
    arg [-m] ==> ignore
    arg [elf_x86_64] ==> ignore
    arg [--hash-style=gnu] ==> ignore
    arg [--as-needed] ==> ignore
    arg [-export-dynamic] ==> ignore
    arg [-dynamic-linker] ==> ignore
    arg [/lib64/ld-linux-x86-64.so.2] ==> ignore
    arg [-zrelro] ==> ignore
    arg [-o] ==> ignore
    arg [cmTryCompileExec532692685] ==> ignore
    arg [/usr/lib/gcc/x86_64-linux-gnu/4.7/../../../x86_64-linux-gnu/crt1.o] ==> ignore
    arg [/usr/lib/gcc/x86_64-linux-gnu/4.7/../../../x86_64-linux-gnu/crti.o] ==> ignore
    arg [/usr/lib/gcc/x86_64-linux-gnu/4.7/crtbegin.o] ==> ignore
    arg [-L/usr/lib/gcc/x86_64-linux-gnu/4.7] ==> dir [/usr/lib/gcc/x86_64-linux-gnu/4.7]
    arg [-L/usr/lib/gcc/x86_64-linux-gnu/4.7/../../../x86_64-linux-gnu] ==> dir [/usr/lib/gcc/x86_64-linux-gnu/4.7/../../../x86_64-linux-gnu]
    arg [-L/usr/lib/gcc/x86_64-linux-gnu/4.7/../../../../lib] ==> dir [/usr/lib/gcc/x86_64-linux-gnu/4.7/../../../../lib]
    arg [-L/lib/x86_64-linux-gnu] ==> dir [/lib/x86_64-linux-gnu]
    arg [-L/lib/../lib] ==> dir [/lib/../lib]
    arg [-L/usr/lib/x86_64-linux-gnu] ==> dir [/usr/lib/x86_64-linux-gnu]
    arg [-L/usr/lib/../lib] ==> dir [/usr/lib/../lib]
    arg [-L/usr/lib/gcc/x86_64-linux-gnu/4.7/../../..] ==> dir [/usr/lib/gcc/x86_64-linux-gnu/4.7/../../..]
    arg [CMakeFiles/cmTryCompileExec532692685.dir/CMakeCCompilerABI.c.o] ==> ignore
    arg [-lgcc] ==> lib [gcc]
    arg [--as-needed] ==> ignore
    arg [-lgcc_s] ==> lib [gcc_s]
    arg [--no-as-needed] ==> ignore
    arg [-lc] ==> lib [c]
    arg [-lgcc] ==> lib [gcc]
    arg [--as-needed] ==> ignore
    arg [-lgcc_s] ==> lib [gcc_s]
    arg [--no-as-needed] ==> ignore
    arg [/usr/lib/gcc/x86_64-linux-gnu/4.7/crtend.o] ==> ignore
    arg [/usr/lib/gcc/x86_64-linux-gnu/4.7/../../../x86_64-linux-gnu/crtn.o] ==> ignore
  remove lib [gcc]
  remove lib [gcc_s]
  remove lib [gcc]
  remove lib [gcc_s]
  collapse dir [/usr/lib/gcc/x86_64-linux-gnu/4.7] ==> [/usr/lib/gcc/x86_64-linux-gnu/4.7]
  collapse dir [/usr/lib/gcc/x86_64-linux-gnu/4.7/../../../x86_64-linux-gnu] ==> [/usr/lib/x86_64-linux-gnu]
  collapse dir [/usr/lib/gcc/x86_64-linux-gnu/4.7/../../../../lib] ==> [/usr/lib]
  collapse dir [/lib/x86_64-linux-gnu] ==> [/lib/x86_64-linux-gnu]
  collapse dir [/lib/../lib] ==> [/lib]
  collapse dir [/usr/lib/x86_64-linux-gnu] ==> [/usr/lib/x86_64-linux-gnu]
  collapse dir [/usr/lib/../lib] ==> [/usr/lib]
  collapse dir [/usr/lib/gcc/x86_64-linux-gnu/4.7/../../..] ==> [/usr/lib]
  implicit libs: [c]
  implicit dirs: [/usr/lib/gcc/x86_64-linux-gnu/4.7;/usr/lib/x86_64-linux-gnu;/usr/lib;/lib/x86_64-linux-gnu;/lib]


Determining if the include file pthread.h exists passed with the following output:
Change Dir: /media/psf/Home/Dropbox/Year 3/3rd-Year-Project/Hardware/Camera/OpenCV/opencv-2.4.8/build/CMakeFiles/CMakeTmp

Run Build Command:/usr/bin/make "cmTryCompileExec522584263/fast"
make: Warning: File `Makefile' has modification time 0.98 s in the future
/usr/bin/make -f CMakeFiles/cmTryCompileExec522584263.dir/build.make CMakeFiles/cmTryCompileExec522584263.dir/build
make[1]: Entering directory `/media/psf/Home/Dropbox/Year 3/3rd-Year-Project/Hardware/Camera/OpenCV/opencv-2.4.8/build/CMakeFiles/CMakeTmp'
make[1]: Warning: File `CMakeFiles/cmTryCompileExec522584263.dir/flags.make' has modification time 0.97 s in the future
/usr/bin/cmake -E cmake_progress_report "/media/psf/Home/Dropbox/Year 3/3rd-Year-Project/Hardware/Camera/OpenCV/opencv-2.4.8/build/CMakeFiles/CMakeTmp/CMakeFiles" 1
Building C object CMakeFiles/cmTryCompileExec522584263.dir/CheckIncludeFile.c.o
/usr/bin/cc   -fsigned-char -W -Wall -Werror=return-type -Werror=address -Werror=sequence-point -Wformat -Werror=format-security -Wmissing-declarations -Wmissing-prototypes -Wstrict-prototypes -Wundef -Winit-self -Wpointer-arith -Wshadow -Wno-narrowing -fdiagnostics-show-option -Wno-long-long -pthread -fomit-frame-pointer -msse -msse2 -msse3 -ffunction-sections   -O3 -DNDEBUG   -o CMakeFiles/cmTryCompileExec522584263.dir/CheckIncludeFile.c.o   -c "/media/psf/Home/Dropbox/Year 3/3rd-Year-Project/Hardware/Camera/OpenCV/opencv-2.4.8/build/CMakeFiles/CMakeTmp/CheckIncludeFile.c"
Linking C executable cmTryCompileExec522584263
/usr/bin/cmake -E cmake_link_script CMakeFiles/cmTryCompileExec522584263.dir/link.txt --verbose=1
/usr/bin/cc      -fsigned-char -W -Wall -Werror=return-type -Werror=address -Werror=sequence-point -Wformat -Werror=format-security -Wmissing-declarations -Wmissing-prototypes -Wstrict-prototypes -Wundef -Winit-self -Wpointer-arith -Wshadow -Wno-narrowing -fdiagnostics-show-option -Wno-long-long -pthread -fomit-frame-pointer -msse -msse2 -msse3 -ffunction-sections   -O3 -DNDEBUG    CMakeFiles/cmTryCompileExec522584263.dir/CheckIncludeFile.c.o  -o cmTryCompileExec522584263 -rdynamic 
make[1]: Leaving directory `/media/psf/Home/Dropbox/Year 3/3rd-Year-Project/Hardware/Camera/OpenCV/opencv-2.4.8/build/CMakeFiles/CMakeTmp'
make[1]: warning:  Clock skew detected.  Your build may be incomplete.
make: warning:  Clock skew detected.  Your build may be incomplete.


Determining if the include file /usr/include/libpng/png.h exists passed with the following output:
Change Dir: /media/psf/Home/Dropbox/Year 3/3rd-Year-Project/Hardware/Camera/OpenCV/opencv-2.4.8/build/CMakeFiles/CMakeTmp

Run Build Command:/usr/bin/make "cmTryCompileExec2316237270/fast"
make: Warning: File `Makefile' has modification time 0.98 s in the future
/usr/bin/make -f CMakeFiles/cmTryCompileExec2316237270.dir/build.make CMakeFiles/cmTryCompileExec2316237270.dir/build
make[1]: Entering directory `/media/psf/Home/Dropbox/Year 3/3rd-Year-Project/Hardware/Camera/OpenCV/opencv-2.4.8/build/CMakeFiles/CMakeTmp'
make[1]: Warning: File `CMakeFiles/cmTryCompileExec2316237270.dir/flags.make' has modification time 0.97 s in the future
/usr/bin/cmake -E cmake_progress_report "/media/psf/Home/Dropbox/Year 3/3rd-Year-Project/Hardware/Camera/OpenCV/opencv-2.4.8/build/CMakeFiles/CMakeTmp/CMakeFiles" 1
Building C object CMakeFiles/cmTryCompileExec2316237270.dir/CheckIncludeFile.c.o
/usr/bin/cc   -fsigned-char -W -Wall -Werror=return-type -Werror=address -Werror=sequence-point -Wformat -Werror=format-security -Wmissing-declarations -Wmissing-prototypes -Wstrict-prototypes -Wundef -Winit-self -Wpointer-arith -Wshadow -Wno-narrowing -fdiagnostics-show-option -Wno-long-long -pthread -fomit-frame-pointer -msse -msse2 -msse3 -ffunction-sections   -O3 -DNDEBUG   -o CMakeFiles/cmTryCompileExec2316237270.dir/CheckIncludeFile.c.o   -c "/media/psf/Home/Dropbox/Year 3/3rd-Year-Project/Hardware/Camera/OpenCV/opencv-2.4.8/build/CMakeFiles/CMakeTmp/CheckIncludeFile.c"
Linking C executable cmTryCompileExec2316237270
/usr/bin/cmake -E cmake_link_script CMakeFiles/cmTryCompileExec2316237270.dir/link.txt --verbose=1
/usr/bin/cc      -fsigned-char -W -Wall -Werror=return-type -Werror=address -Werror=sequence-point -Wformat -Werror=format-security -Wmissing-declarations -Wmissing-prototypes -Wstrict-prototypes -Wundef -Winit-self -Wpointer-arith -Wshadow -Wno-narrowing -fdiagnostics-show-option -Wno-long-long -pthread -fomit-frame-pointer -msse -msse2 -msse3 -ffunction-sections   -O3 -DNDEBUG    CMakeFiles/cmTryCompileExec2316237270.dir/CheckIncludeFile.c.o  -o cmTryCompileExec2316237270 -rdynamic 
make[1]: Leaving directory `/media/psf/Home/Dropbox/Year 3/3rd-Year-Project/Hardware/Camera/OpenCV/opencv-2.4.8/build/CMakeFiles/CMakeTmp'
make[1]: warning:  Clock skew detected.  Your build may be incomplete.
make: warning:  Clock skew detected.  Your build may be incomplete.


Determining if the Q_WS_X11 exist passed with the following output:
Change Dir: /media/psf/Home/Dropbox/Year 3/3rd-Year-Project/Hardware/Camera/OpenCV/opencv-2.4.8/build/CMakeFiles/CMakeTmp

Run Build Command:/usr/bin/make "cmTryCompileExec1778327653/fast"
/usr/bin/make -f CMakeFiles/cmTryCompileExec1778327653.dir/build.make CMakeFiles/cmTryCompileExec1778327653.dir/build
make[1]: Entering directory `/media/psf/Home/Dropbox/Year 3/3rd-Year-Project/Hardware/Camera/OpenCV/opencv-2.4.8/build/CMakeFiles/CMakeTmp'
/usr/bin/cmake -E cmake_progress_report "/media/psf/Home/Dropbox/Year 3/3rd-Year-Project/Hardware/Camera/OpenCV/opencv-2.4.8/build/CMakeFiles/CMakeTmp/CMakeFiles" 1
Building CXX object CMakeFiles/cmTryCompileExec1778327653.dir/CheckSymbolExists.cxx.o
/usr/bin/c++    -fsigned-char -W -Wall -Werror=return-type -Werror=address -Werror=sequence-point -Wformat -Werror=format-security -Wmissing-declarations -Wundef -Winit-self -Wpointer-arith -Wshadow -Wsign-promo -Wno-narrowing -Wno-delete-non-virtual-dtor -fdiagnostics-show-option -Wno-long-long -pthread -fomit-frame-pointer -msse -msse2 -msse3 -ffunction-sections   -O3 -DNDEBUG -I/usr/include/qt4    -o CMakeFiles/cmTryCompileExec1778327653.dir/CheckSymbolExists.cxx.o -c "/media/psf/Home/Dropbox/Year 3/3rd-Year-Project/Hardware/Camera/OpenCV/opencv-2.4.8/build/CMakeFiles/CMakeTmp/CheckSymbolExists.cxx"
Linking CXX executable cmTryCompileExec1778327653
/usr/bin/cmake -E cmake_link_script CMakeFiles/cmTryCompileExec1778327653.dir/link.txt --verbose=1
/usr/bin/c++       -fsigned-char -W -Wall -Werror=return-type -Werror=address -Werror=sequence-point -Wformat -Werror=format-security -Wmissing-declarations -Wundef -Winit-self -Wpointer-arith -Wshadow -Wsign-promo -Wno-narrowing -Wno-delete-non-virtual-dtor -fdiagnostics-show-option -Wno-long-long -pthread -fomit-frame-pointer -msse -msse2 -msse3 -ffunction-sections   -O3 -DNDEBUG    CMakeFiles/cmTryCompileExec1778327653.dir/CheckSymbolExists.cxx.o  -o cmTryCompileExec1778327653 -rdynamic 
make[1]: Leaving directory `/media/psf/Home/Dropbox/Year 3/3rd-Year-Project/Hardware/Camera/OpenCV/opencv-2.4.8/build/CMakeFiles/CMakeTmp'

File /media/psf/Home/Dropbox/Year 3/3rd-Year-Project/Hardware/Camera/OpenCV/opencv-2.4.8/build/CMakeFiles/CMakeTmp/CheckSymbolExists.cxx:
/* */
#include <QtCore/qglobal.h>

int main(int argc, char** argv)
{
  (void)argv;
#ifndef Q_WS_X11
  return ((int*)(&Q_WS_X11))[argc];
#else
  (void)argc;
  return 0;
#endif
}

Determining if the function XOpenDisplay exists in the /usr/lib/x86_64-linux-gnu/libX11.so;/usr/lib/x86_64-linux-gnu/libXext.so passed with the following output:
Change Dir: /media/psf/Home/Dropbox/Year 3/3rd-Year-Project/Hardware/Camera/OpenCV/opencv-2.4.8/build/CMakeFiles/CMakeTmp

Run Build Command:/usr/bin/make "cmTryCompileExec3294782450/fast"
make: Warning: File `Makefile' has modification time 0.98 s in the future
/usr/bin/make -f CMakeFiles/cmTryCompileExec3294782450.dir/build.make CMakeFiles/cmTryCompileExec3294782450.dir/build
make[1]: Entering directory `/media/psf/Home/Dropbox/Year 3/3rd-Year-Project/Hardware/Camera/OpenCV/opencv-2.4.8/build/CMakeFiles/CMakeTmp'
make[1]: Warning: File `CMakeFiles/cmTryCompileExec3294782450.dir/flags.make' has modification time 0.96 s in the future
/usr/bin/cmake -E cmake_progress_report "/media/psf/Home/Dropbox/Year 3/3rd-Year-Project/Hardware/Camera/OpenCV/opencv-2.4.8/build/CMakeFiles/CMakeTmp/CMakeFiles" 1
Building C object CMakeFiles/cmTryCompileExec3294782450.dir/CheckFunctionExists.c.o
/usr/bin/cc   -fsigned-char -W -Wall -Werror=return-type -Werror=address -Werror=sequence-point -Wformat -Werror=format-security -Wmissing-declarations -Wmissing-prototypes -Wstrict-prototypes -Wundef -Winit-self -Wpointer-arith -Wshadow -Wno-narrowing -fdiagnostics-show-option -Wno-long-long -pthread -fomit-frame-pointer -msse -msse2 -msse3 -ffunction-sections  -DCHECK_FUNCTION_EXISTS=XOpenDisplay -O3 -DNDEBUG   -o CMakeFiles/cmTryCompileExec3294782450.dir/CheckFunctionExists.c.o   -c /usr/share/cmake-2.8/Modules/CheckFunctionExists.c
/usr/share/cmake-2.8/Modules/CheckFunctionExists.c:3:1: warning: function declaration isn’t a prototype [-Wstrict-prototypes]
Linking C executable cmTryCompileExec3294782450
/usr/bin/cmake -E cmake_link_script CMakeFiles/cmTryCompileExec3294782450.dir/link.txt --verbose=1
/usr/bin/cc      -fsigned-char -W -Wall -Werror=return-type -Werror=address -Werror=sequence-point -Wformat -Werror=format-security -Wmissing-declarations -Wmissing-prototypes -Wstrict-prototypes -Wundef -Winit-self -Wpointer-arith -Wshadow -Wno-narrowing -fdiagnostics-show-option -Wno-long-long -pthread -fomit-frame-pointer -msse -msse2 -msse3 -ffunction-sections  -DCHECK_FUNCTION_EXISTS=XOpenDisplay -O3 -DNDEBUG    CMakeFiles/cmTryCompileExec3294782450.dir/CheckFunctionExists.c.o  -o cmTryCompileExec3294782450 -rdynamic -lX11 -lXext 
make[1]: warning:  Clock skew detected.  Your build may be incomplete.
make[1]: Leaving directory `/media/psf/Home/Dropbox/Year 3/3rd-Year-Project/Hardware/Camera/OpenCV/opencv-2.4.8/build/CMakeFiles/CMakeTmp'
make: warning:  Clock skew detected.  Your build may be incomplete.


Determining if the function gethostbyname exists passed with the following output:
Change Dir: /media/psf/Home/Dropbox/Year 3/3rd-Year-Project/Hardware/Camera/OpenCV/opencv-2.4.8/build/CMakeFiles/CMakeTmp

Run Build Command:/usr/bin/make "cmTryCompileExec4134089568/fast"
make: Warning: File `Makefile' has modification time 0.97 s in the future
/usr/bin/make -f CMakeFiles/cmTryCompileExec4134089568.dir/build.make CMakeFiles/cmTryCompileExec4134089568.dir/build
make[1]: Entering directory `/media/psf/Home/Dropbox/Year 3/3rd-Year-Project/Hardware/Camera/OpenCV/opencv-2.4.8/build/CMakeFiles/CMakeTmp'
make[1]: Warning: File `CMakeFiles/cmTryCompileExec4134089568.dir/flags.make' has modification time 0.96 s in the future
/usr/bin/cmake -E cmake_progress_report "/media/psf/Home/Dropbox/Year 3/3rd-Year-Project/Hardware/Camera/OpenCV/opencv-2.4.8/build/CMakeFiles/CMakeTmp/CMakeFiles" 1
Building C object CMakeFiles/cmTryCompileExec4134089568.dir/CheckFunctionExists.c.o
/usr/bin/cc   -fsigned-char -W -Wall -Werror=return-type -Werror=address -Werror=sequence-point -Wformat -Werror=format-security -Wmissing-declarations -Wmissing-prototypes -Wstrict-prototypes -Wundef -Winit-self -Wpointer-arith -Wshadow -Wno-narrowing -fdiagnostics-show-option -Wno-long-long -pthread -fomit-frame-pointer -msse -msse2 -msse3 -ffunction-sections  -DCHECK_FUNCTION_EXISTS=gethostbyname -O3 -DNDEBUG   -o CMakeFiles/cmTryCompileExec4134089568.dir/CheckFunctionExists.c.o   -c /usr/share/cmake-2.8/Modules/CheckFunctionExists.c
/usr/share/cmake-2.8/Modules/CheckFunctionExists.c:3:1: warning: function declaration isn’t a prototype [-Wstrict-prototypes]
Linking C executable cmTryCompileExec4134089568
/usr/bin/cmake -E cmake_link_script CMakeFiles/cmTryCompileExec4134089568.dir/link.txt --verbose=1
/usr/bin/cc      -fsigned-char -W -Wall -Werror=return-type -Werror=address -Werror=sequence-point -Wformat -Werror=format-security -Wmissing-declarations -Wmissing-prototypes -Wstrict-prototypes -Wundef -Winit-self -Wpointer-arith -Wshadow -Wno-narrowing -fdiagnostics-show-option -Wno-long-long -pthread -fomit-frame-pointer -msse -msse2 -msse3 -ffunction-sections  -DCHECK_FUNCTION_EXISTS=gethostbyname -O3 -DNDEBUG    CMakeFiles/cmTryCompileExec4134089568.dir/CheckFunctionExists.c.o  -o cmTryCompileExec4134089568 -rdynamic 
make[1]: Leaving directory `/media/psf/Home/Dropbox/Year 3/3rd-Year-Project/Hardware/Camera/OpenCV/opencv-2.4.8/build/CMakeFiles/CMakeTmp'
make[1]: warning:  Clock skew detected.  Your build may be incomplete.
make: warning:  Clock skew detected.  Your build may be incomplete.


Determining if the function connect exists passed with the following output:
Change Dir: /media/psf/Home/Dropbox/Year 3/3rd-Year-Project/Hardware/Camera/OpenCV/opencv-2.4.8/build/CMakeFiles/CMakeTmp

Run Build Command:/usr/bin/make "cmTryCompileExec478530020/fast"
/usr/bin/make -f CMakeFiles/cmTryCompileExec478530020.dir/build.make CMakeFiles/cmTryCompileExec478530020.dir/build
make[1]: Entering directory `/media/psf/Home/Dropbox/Year 3/3rd-Year-Project/Hardware/Camera/OpenCV/opencv-2.4.8/build/CMakeFiles/CMakeTmp'
make[1]: Warning: File `CMakeFiles/cmTryCompileExec478530020.dir/flags.make' has modification time 0.97 s in the future
/usr/bin/cmake -E cmake_progress_report "/media/psf/Home/Dropbox/Year 3/3rd-Year-Project/Hardware/Camera/OpenCV/opencv-2.4.8/build/CMakeFiles/CMakeTmp/CMakeFiles" 1
Building C object CMakeFiles/cmTryCompileExec478530020.dir/CheckFunctionExists.c.o
/usr/bin/cc   -fsigned-char -W -Wall -Werror=return-type -Werror=address -Werror=sequence-point -Wformat -Werror=format-security -Wmissing-declarations -Wmissing-prototypes -Wstrict-prototypes -Wundef -Winit-self -Wpointer-arith -Wshadow -Wno-narrowing -fdiagnostics-show-option -Wno-long-long -pthread -fomit-frame-pointer -msse -msse2 -msse3 -ffunction-sections  -DCHECK_FUNCTION_EXISTS=connect -O3 -DNDEBUG   -o CMakeFiles/cmTryCompileExec478530020.dir/CheckFunctionExists.c.o   -c /usr/share/cmake-2.8/Modules/CheckFunctionExists.c
/usr/share/cmake-2.8/Modules/CheckFunctionExists.c:3:1: warning: function declaration isn’t a prototype [-Wstrict-prototypes]
Linking C executable cmTryCompileExec478530020
/usr/bin/cmake -E cmake_link_script CMakeFiles/cmTryCompileExec478530020.dir/link.txt --verbose=1
/usr/bin/cc      -fsigned-char -W -Wall -Werror=return-type -Werror=address -Werror=sequence-point -Wformat -Werror=format-security -Wmissing-declarations -Wmissing-prototypes -Wstrict-prototypes -Wundef -Winit-self -Wpointer-arith -Wshadow -Wno-narrowing -fdiagnostics-show-option -Wno-long-long -pthread -fomit-frame-pointer -msse -msse2 -msse3 -ffunction-sections  -DCHECK_FUNCTION_EXISTS=connect -O3 -DNDEBUG    CMakeFiles/cmTryCompileExec478530020.dir/CheckFunctionExists.c.o  -o cmTryCompileExec478530020 -rdynamic 
make[1]: Leaving directory `/media/psf/Home/Dropbox/Year 3/3rd-Year-Project/Hardware/Camera/OpenCV/opencv-2.4.8/build/CMakeFiles/CMakeTmp'
make[1]: warning:  Clock skew detected.  Your build may be incomplete.


Determining if the function remove exists passed with the following output:
Change Dir: /media/psf/Home/Dropbox/Year 3/3rd-Year-Project/Hardware/Camera/OpenCV/opencv-2.4.8/build/CMakeFiles/CMakeTmp

Run Build Command:/usr/bin/make "cmTryCompileExec879206874/fast"
/usr/bin/make -f CMakeFiles/cmTryCompileExec879206874.dir/build.make CMakeFiles/cmTryCompileExec879206874.dir/build
make[1]: Entering directory `/media/psf/Home/Dropbox/Year 3/3rd-Year-Project/Hardware/Camera/OpenCV/opencv-2.4.8/build/CMakeFiles/CMakeTmp'
/usr/bin/cmake -E cmake_progress_report "/media/psf/Home/Dropbox/Year 3/3rd-Year-Project/Hardware/Camera/OpenCV/opencv-2.4.8/build/CMakeFiles/CMakeTmp/CMakeFiles" 1
Building C object CMakeFiles/cmTryCompileExec879206874.dir/CheckFunctionExists.c.o
/usr/bin/cc   -fsigned-char -W -Wall -Werror=return-type -Werror=address -Werror=sequence-point -Wformat -Werror=format-security -Wmissing-declarations -Wmissing-prototypes -Wstrict-prototypes -Wundef -Winit-self -Wpointer-arith -Wshadow -Wno-narrowing -fdiagnostics-show-option -Wno-long-long -pthread -fomit-frame-pointer -msse -msse2 -msse3 -ffunction-sections  -DCHECK_FUNCTION_EXISTS=remove -O3 -DNDEBUG   -o CMakeFiles/cmTryCompileExec879206874.dir/CheckFunctionExists.c.o   -c /usr/share/cmake-2.8/Modules/CheckFunctionExists.c
/usr/share/cmake-2.8/Modules/CheckFunctionExists.c:3:1: warning: function declaration isn’t a prototype [-Wstrict-prototypes]
Linking C executable cmTryCompileExec879206874
/usr/bin/cmake -E cmake_link_script CMakeFiles/cmTryCompileExec879206874.dir/link.txt --verbose=1
/usr/bin/cc      -fsigned-char -W -Wall -Werror=return-type -Werror=address -Werror=sequence-point -Wformat -Werror=format-security -Wmissing-declarations -Wmissing-prototypes -Wstrict-prototypes -Wundef -Winit-self -Wpointer-arith -Wshadow -Wno-narrowing -fdiagnostics-show-option -Wno-long-long -pthread -fomit-frame-pointer -msse -msse2 -msse3 -ffunction-sections  -DCHECK_FUNCTION_EXISTS=remove -O3 -DNDEBUG    CMakeFiles/cmTryCompileExec879206874.dir/CheckFunctionExists.c.o  -o cmTryCompileExec879206874 -rdynamic 
make[1]: Leaving directory `/media/psf/Home/Dropbox/Year 3/3rd-Year-Project/Hardware/Camera/OpenCV/opencv-2.4.8/build/CMakeFiles/CMakeTmp'


Determining if the function shmat exists passed with the following output:
Change Dir: /media/psf/Home/Dropbox/Year 3/3rd-Year-Project/Hardware/Camera/OpenCV/opencv-2.4.8/build/CMakeFiles/CMakeTmp

Run Build Command:/usr/bin/make "cmTryCompileExec504420531/fast"
/usr/bin/make -f CMakeFiles/cmTryCompileExec504420531.dir/build.make CMakeFiles/cmTryCompileExec504420531.dir/build
make[1]: Entering directory `/media/psf/Home/Dropbox/Year 3/3rd-Year-Project/Hardware/Camera/OpenCV/opencv-2.4.8/build/CMakeFiles/CMakeTmp'
/usr/bin/cmake -E cmake_progress_report "/media/psf/Home/Dropbox/Year 3/3rd-Year-Project/Hardware/Camera/OpenCV/opencv-2.4.8/build/CMakeFiles/CMakeTmp/CMakeFiles" 1
Building C object CMakeFiles/cmTryCompileExec504420531.dir/CheckFunctionExists.c.o
/usr/bin/cc   -fsigned-char -W -Wall -Werror=return-type -Werror=address -Werror=sequence-point -Wformat -Werror=format-security -Wmissing-declarations -Wmissing-prototypes -Wstrict-prototypes -Wundef -Winit-self -Wpointer-arith -Wshadow -Wno-narrowing -fdiagnostics-show-option -Wno-long-long -pthread -fomit-frame-pointer -msse -msse2 -msse3 -ffunction-sections  -DCHECK_FUNCTION_EXISTS=shmat -O3 -DNDEBUG   -o CMakeFiles/cmTryCompileExec504420531.dir/CheckFunctionExists.c.o   -c /usr/share/cmake-2.8/Modules/CheckFunctionExists.c
/usr/share/cmake-2.8/Modules/CheckFunctionExists.c:3:1: warning: function declaration isn’t a prototype [-Wstrict-prototypes]
Linking C executable cmTryCompileExec504420531
/usr/bin/cmake -E cmake_link_script CMakeFiles/cmTryCompileExec504420531.dir/link.txt --verbose=1
/usr/bin/cc      -fsigned-char -W -Wall -Werror=return-type -Werror=address -Werror=sequence-point -Wformat -Werror=format-security -Wmissing-declarations -Wmissing-prototypes -Wstrict-prototypes -Wundef -Winit-self -Wpointer-arith -Wshadow -Wno-narrowing -fdiagnostics-show-option -Wno-long-long -pthread -fomit-frame-pointer -msse -msse2 -msse3 -ffunction-sections  -DCHECK_FUNCTION_EXISTS=shmat -O3 -DNDEBUG    CMakeFiles/cmTryCompileExec504420531.dir/CheckFunctionExists.c.o  -o cmTryCompileExec504420531 -rdynamic 
make[1]: Leaving directory `/media/psf/Home/Dropbox/Year 3/3rd-Year-Project/Hardware/Camera/OpenCV/opencv-2.4.8/build/CMakeFiles/CMakeTmp'


Determining if the function IceConnectionNumber exists in the ICE passed with the following output:
Change Dir: /media/psf/Home/Dropbox/Year 3/3rd-Year-Project/Hardware/Camera/OpenCV/opencv-2.4.8/build/CMakeFiles/CMakeTmp

Run Build Command:/usr/bin/make "cmTryCompileExec3287537690/fast"
/usr/bin/make -f CMakeFiles/cmTryCompileExec3287537690.dir/build.make CMakeFiles/cmTryCompileExec3287537690.dir/build
make[1]: Entering directory `/media/psf/Home/Dropbox/Year 3/3rd-Year-Project/Hardware/Camera/OpenCV/opencv-2.4.8/build/CMakeFiles/CMakeTmp'
/usr/bin/cmake -E cmake_progress_report "/media/psf/Home/Dropbox/Year 3/3rd-Year-Project/Hardware/Camera/OpenCV/opencv-2.4.8/build/CMakeFiles/CMakeTmp/CMakeFiles" 1
Building C object CMakeFiles/cmTryCompileExec3287537690.dir/CheckFunctionExists.c.o
/usr/bin/cc   -fsigned-char -W -Wall -Werror=return-type -Werror=address -Werror=sequence-point -Wformat -Werror=format-security -Wmissing-declarations -Wmissing-prototypes -Wstrict-prototypes -Wundef -Winit-self -Wpointer-arith -Wshadow -Wno-narrowing -fdiagnostics-show-option -Wno-long-long -pthread -fomit-frame-pointer -msse -msse2 -msse3 -ffunction-sections  -DCHECK_FUNCTION_EXISTS=IceConnectionNumber -O3 -DNDEBUG   -o CMakeFiles/cmTryCompileExec3287537690.dir/CheckFunctionExists.c.o   -c /usr/share/cmake-2.8/Modules/CheckFunctionExists.c
/usr/share/cmake-2.8/Modules/CheckFunctionExists.c:3:1: warning: function declaration isn’t a prototype [-Wstrict-prototypes]
Linking C executable cmTryCompileExec3287537690
/usr/bin/cmake -E cmake_link_script CMakeFiles/cmTryCompileExec3287537690.dir/link.txt --verbose=1
/usr/bin/cc      -fsigned-char -W -Wall -Werror=return-type -Werror=address -Werror=sequence-point -Wformat -Werror=format-security -Wmissing-declarations -Wmissing-prototypes -Wstrict-prototypes -Wundef -Winit-self -Wpointer-arith -Wshadow -Wno-narrowing -fdiagnostics-show-option -Wno-long-long -pthread -fomit-frame-pointer -msse -msse2 -msse3 -ffunction-sections  -DCHECK_FUNCTION_EXISTS=IceConnectionNumber -O3 -DNDEBUG    CMakeFiles/cmTryCompileExec3287537690.dir/CheckFunctionExists.c.o  -o cmTryCompileExec3287537690 -rdynamic -lICE 
make[1]: Leaving directory `/media/psf/Home/Dropbox/Year 3/3rd-Year-Project/Hardware/Camera/OpenCV/opencv-2.4.8/build/CMakeFiles/CMakeTmp'


Determining if the include file linux/videodev2.h exists passed with the following output:
Change Dir: /media/psf/Home/Dropbox/Year 3/3rd-Year-Project/Hardware/Camera/OpenCV/opencv-2.4.8/build/CMakeFiles/CMakeTmp

Run Build Command:/usr/bin/make "cmTryCompileExec354779070/fast"
make: Warning: File `Makefile' has modification time 0.98 s in the future
/usr/bin/make -f CMakeFiles/cmTryCompileExec354779070.dir/build.make CMakeFiles/cmTryCompileExec354779070.dir/build
make[1]: Entering directory `/media/psf/Home/Dropbox/Year 3/3rd-Year-Project/Hardware/Camera/OpenCV/opencv-2.4.8/build/CMakeFiles/CMakeTmp'
make[1]: Warning: File `CMakeFiles/cmTryCompileExec354779070.dir/flags.make' has modification time 0.97 s in the future
/usr/bin/cmake -E cmake_progress_report "/media/psf/Home/Dropbox/Year 3/3rd-Year-Project/Hardware/Camera/OpenCV/opencv-2.4.8/build/CMakeFiles/CMakeTmp/CMakeFiles" 1
Building C object CMakeFiles/cmTryCompileExec354779070.dir/CheckIncludeFile.c.o
/usr/bin/cc   -fsigned-char -W -Wall -Werror=return-type -Werror=address -Werror=sequence-point -Wformat -Werror=format-security -Wmissing-declarations -Wmissing-prototypes -Wstrict-prototypes -Wundef -Winit-self -Wpointer-arith -Wshadow -Wno-narrowing -fdiagnostics-show-option -Wno-long-long -pthread -fomit-frame-pointer -msse -msse2 -msse3 -ffunction-sections   -O3 -DNDEBUG   -o CMakeFiles/cmTryCompileExec354779070.dir/CheckIncludeFile.c.o   -c "/media/psf/Home/Dropbox/Year 3/3rd-Year-Project/Hardware/Camera/OpenCV/opencv-2.4.8/build/CMakeFiles/CMakeTmp/CheckIncludeFile.c"
Linking C executable cmTryCompileExec354779070
/usr/bin/cmake -E cmake_link_script CMakeFiles/cmTryCompileExec354779070.dir/link.txt --verbose=1
/usr/bin/cc      -fsigned-char -W -Wall -Werror=return-type -Werror=address -Werror=sequence-point -Wformat -Werror=format-security -Wmissing-declarations -Wmissing-prototypes -Wstrict-prototypes -Wundef -Winit-self -Wpointer-arith -Wshadow -Wno-narrowing -fdiagnostics-show-option -Wno-long-long -pthread -fomit-frame-pointer -msse -msse2 -msse3 -ffunction-sections   -O3 -DNDEBUG    CMakeFiles/cmTryCompileExec354779070.dir/CheckIncludeFile.c.o  -o cmTryCompileExec354779070 -rdynamic 
make[1]: warning:  Clock skew detected.  Your build may be incomplete.
make[1]: Leaving directory `/media/psf/Home/Dropbox/Year 3/3rd-Year-Project/Hardware/Camera/OpenCV/opencv-2.4.8/build/CMakeFiles/CMakeTmp'
make: warning:  Clock skew detected.  Your build may be incomplete.


Determining if the include file libavformat/avformat.h exists passed with the following output:
Change Dir: /media/psf/Home/Dropbox/Year 3/3rd-Year-Project/Hardware/Camera/OpenCV/opencv-2.4.8/build/CMakeFiles/CMakeTmp

Run Build Command:/usr/bin/make "cmTryCompileExec1479391520/fast"
/usr/bin/make -f CMakeFiles/cmTryCompileExec1479391520.dir/build.make CMakeFiles/cmTryCompileExec1479391520.dir/build
make[1]: Entering directory `/media/psf/Home/Dropbox/Year 3/3rd-Year-Project/Hardware/Camera/OpenCV/opencv-2.4.8/build/CMakeFiles/CMakeTmp'
/usr/bin/cmake -E cmake_progress_report "/media/psf/Home/Dropbox/Year 3/3rd-Year-Project/Hardware/Camera/OpenCV/opencv-2.4.8/build/CMakeFiles/CMakeTmp/CMakeFiles" 1
Building C object CMakeFiles/cmTryCompileExec1479391520.dir/CheckIncludeFile.c.o
/usr/bin/cc   -fsigned-char -W -Wall -Werror=return-type -Werror=address -Werror=sequence-point -Wformat -Werror=format-security -Wmissing-declarations -Wmissing-prototypes -Wstrict-prototypes -Wundef -Winit-self -Wpointer-arith -Wshadow -Wno-narrowing -fdiagnostics-show-option -Wno-long-long -pthread -fomit-frame-pointer -msse -msse2 -msse3 -ffunction-sections   -O3 -DNDEBUG   -o CMakeFiles/cmTryCompileExec1479391520.dir/CheckIncludeFile.c.o   -c "/media/psf/Home/Dropbox/Year 3/3rd-Year-Project/Hardware/Camera/OpenCV/opencv-2.4.8/build/CMakeFiles/CMakeTmp/CheckIncludeFile.c"
Linking C executable cmTryCompileExec1479391520
/usr/bin/cmake -E cmake_link_script CMakeFiles/cmTryCompileExec1479391520.dir/link.txt --verbose=1
/usr/bin/cc      -fsigned-char -W -Wall -Werror=return-type -Werror=address -Werror=sequence-point -Wformat -Werror=format-security -Wmissing-declarations -Wmissing-prototypes -Wstrict-prototypes -Wundef -Winit-self -Wpointer-arith -Wshadow -Wno-narrowing -fdiagnostics-show-option -Wno-long-long -pthread -fomit-frame-pointer -msse -msse2 -msse3 -ffunction-sections   -O3 -DNDEBUG    CMakeFiles/cmTryCompileExec1479391520.dir/CheckIncludeFile.c.o  -o cmTryCompileExec1479391520 -rdynamic 
make[1]: Leaving directory `/media/psf/Home/Dropbox/Year 3/3rd-Year-Project/Hardware/Camera/OpenCV/opencv-2.4.8/build/CMakeFiles/CMakeTmp'


